-------------------------------------------------------------------------------
Test set: EmaitzaIpiniDAB
-------------------------------------------------------------------------------
Tests run: 3, Failures: 1, Errors: 0, Skipped: 0, Time elapsed: 0.012 sec <<< FAILURE! - in EmaitzaIpiniDAB
test1(EmaitzaIpiniDAB)  Time elapsed: 0.012 sec  <<< FAILURE!
java.lang.AssertionError: 
	at EmaitzaIpiniDAB.test1(EmaitzaIpiniDAB.java:41)

