-------------------------------------------------------------------------------
Test set: EmaitzaIpiniDAW
-------------------------------------------------------------------------------
Tests run: 4, Failures: 0, Errors: 4, Skipped: 0, Time elapsed: 0.059 sec <<< FAILURE! - in EmaitzaIpiniDAW
test1(EmaitzaIpiniDAW)  Time elapsed: 0.019 sec  <<< ERROR!
com.objectdb.o._PersistenceException: Attempt to begin a new transaction when a transaction is active [PMImpl]
	at EmaitzaIpiniDAW.test1(EmaitzaIpiniDAW.java:47)
Caused by: com.objectdb.o.UserException: Attempt to begin a new transaction when a transaction is active [PMImpl]
	at EmaitzaIpiniDAW.test1(EmaitzaIpiniDAW.java:47)

test2(EmaitzaIpiniDAW)  Time elapsed: 0.014 sec  <<< ERROR!
com.objectdb.o._PersistenceException: Attempt to begin a new transaction when a transaction is active [PMImpl]
	at EmaitzaIpiniDAW.test2(EmaitzaIpiniDAW.java:70)
Caused by: com.objectdb.o.UserException: Attempt to begin a new transaction when a transaction is active [PMImpl]
	at EmaitzaIpiniDAW.test2(EmaitzaIpiniDAW.java:70)

test3(EmaitzaIpiniDAW)  Time elapsed: 0.012 sec  <<< ERROR!
com.objectdb.o._PersistenceException: Attempt to begin a new transaction when a transaction is active [PMImpl]
	at EmaitzaIpiniDAW.test3(EmaitzaIpiniDAW.java:93)
Caused by: com.objectdb.o.UserException: Attempt to begin a new transaction when a transaction is active [PMImpl]
	at EmaitzaIpiniDAW.test3(EmaitzaIpiniDAW.java:93)

test4(EmaitzaIpiniDAW)  Time elapsed: 0.012 sec  <<< ERROR!
com.objectdb.o._PersistenceException: Attempt to begin a new transaction when a transaction is active [PMImpl]
	at EmaitzaIpiniDAW.test4(EmaitzaIpiniDAW.java:116)
Caused by: com.objectdb.o.UserException: Attempt to begin a new transaction when a transaction is active [PMImpl]
	at EmaitzaIpiniDAW.test4(EmaitzaIpiniDAW.java:116)

