-------------------------------------------------------------------------------
Test set: Register2DAB
-------------------------------------------------------------------------------
Tests run: 4, Failures: 1, Errors: 0, Skipped: 0, Time elapsed: 0.124 sec <<< FAILURE! - in Register2DAB
test4(Register2DAB)  Time elapsed: 0.026 sec  <<< FAILURE!
java.lang.AssertionError: 
	at Register2DAB.test4(Register2DAB.java:129)

