-------------------------------------------------------------------------------
Test set: RegisterDAB
-------------------------------------------------------------------------------
Tests run: 14, Failures: 0, Errors: 14, Skipped: 0, Time elapsed: 0.007 sec <<< FAILURE! - in RegisterDAB
test5(RegisterDAB)  Time elapsed: 0 sec  <<< ERROR!
javax.persistence.PersistenceException: No Persistence provider for EntityManager named objectdb:src/main/resources/bets.temp;drop
	at RegisterDAB.<init>(RegisterDAB.java:20)

test14(RegisterDAB)  Time elapsed: 0.001 sec  <<< ERROR!
javax.persistence.PersistenceException: No Persistence provider for EntityManager named objectdb:src/main/resources/bets.temp;drop
	at RegisterDAB.<init>(RegisterDAB.java:20)

test1(RegisterDAB)  Time elapsed: 0 sec  <<< ERROR!
javax.persistence.PersistenceException: No Persistence provider for EntityManager named objectdb:src/main/resources/bets.temp;drop
	at RegisterDAB.<init>(RegisterDAB.java:20)

test2(RegisterDAB)  Time elapsed: 0 sec  <<< ERROR!
javax.persistence.PersistenceException: No Persistence provider for EntityManager named objectdb:src/main/resources/bets.temp;drop
	at RegisterDAB.<init>(RegisterDAB.java:20)

test3(RegisterDAB)  Time elapsed: 0 sec  <<< ERROR!
javax.persistence.PersistenceException: No Persistence provider for EntityManager named objectdb:src/main/resources/bets.temp;drop
	at RegisterDAB.<init>(RegisterDAB.java:20)

test6(RegisterDAB)  Time elapsed: 0 sec  <<< ERROR!
javax.persistence.PersistenceException: No Persistence provider for EntityManager named objectdb:src/main/resources/bets.temp;drop
	at RegisterDAB.<init>(RegisterDAB.java:20)

test7(RegisterDAB)  Time elapsed: 0 sec  <<< ERROR!
javax.persistence.PersistenceException: No Persistence provider for EntityManager named objectdb:src/main/resources/bets.temp;drop
	at RegisterDAB.<init>(RegisterDAB.java:20)

test8(RegisterDAB)  Time elapsed: 0 sec  <<< ERROR!
javax.persistence.PersistenceException: No Persistence provider for EntityManager named objectdb:src/main/resources/bets.temp;drop
	at RegisterDAB.<init>(RegisterDAB.java:20)

test9(RegisterDAB)  Time elapsed: 0 sec  <<< ERROR!
javax.persistence.PersistenceException: No Persistence provider for EntityManager named objectdb:src/main/resources/bets.temp;drop
	at RegisterDAB.<init>(RegisterDAB.java:20)

test10(RegisterDAB)  Time elapsed: 0 sec  <<< ERROR!
javax.persistence.PersistenceException: No Persistence provider for EntityManager named objectdb:src/main/resources/bets.temp;drop
	at RegisterDAB.<init>(RegisterDAB.java:20)

test11(RegisterDAB)  Time elapsed: 0 sec  <<< ERROR!
javax.persistence.PersistenceException: No Persistence provider for EntityManager named objectdb:src/main/resources/bets.temp;drop
	at RegisterDAB.<init>(RegisterDAB.java:20)

test12(RegisterDAB)  Time elapsed: 0.001 sec  <<< ERROR!
javax.persistence.PersistenceException: No Persistence provider for EntityManager named objectdb:src/main/resources/bets.temp;drop
	at RegisterDAB.<init>(RegisterDAB.java:20)

test13(RegisterDAB)  Time elapsed: 0 sec  <<< ERROR!
javax.persistence.PersistenceException: No Persistence provider for EntityManager named objectdb:src/main/resources/bets.temp;drop
	at RegisterDAB.<init>(RegisterDAB.java:20)

test4(RegisterDAB)  Time elapsed: 0 sec  <<< ERROR!
javax.persistence.PersistenceException: No Persistence provider for EntityManager named objectdb:src/main/resources/bets.temp;drop
	at RegisterDAB.<init>(RegisterDAB.java:20)

