<?xml version="1.0" encoding="UTF-8"?>
<testsuite xmlns:xsi="http://www.w3.org/2001/XMLSchema-instance" xsi:schemaLocation="https://maven.apache.org/surefire/maven-surefire-plugin/xsd/surefire-test-report.xsd" name="RegisterDAB" time="0.039" tests="14" errors="14" skipped="0" failures="0">
  <properties>
[...]
</properties>
  <testcase name="test1" classname="RegisterDAB" time="0.002">
    <error message="Failed to commit transaction: Attempt to reuse an existing primary key value (domain.Admin:&apos;Admin&apos;)" type="com.objectdb.o._RollbackException">com.objectdb.o._RollbackException: Failed to commit transaction: Attempt to reuse an existing primary key value (domain.Admin:'Admin')
	at RegisterDAB.dbInit(RegisterDAB.java:34)
Caused by: javax.persistence.EntityExistsException: com.objectdb.o.UserException: Attempt to reuse an existing primary key value (domain.Admin:'Admin')
	at RegisterDAB.dbInit(RegisterDAB.java:34)
Caused by: com.objectdb.o.UserException: Attempt to reuse an existing primary key value (domain.Admin:'Admin')
	at RegisterDAB.dbInit(RegisterDAB.java:34)
</error>
    <system-out><![CDATA[Creating DataAccess instance => isDatabaseLocal: true getDatabBaseOpenMode: initialize
Opening DataAccess instance => isDatabaseLocal: true getDatabBaseOpenMode: initialize
Deleting the DataBase
Creating TestDataAccess instance
Opening TestDataAccess instance 
newDate: Sat Nov 10 00:00:00 CET 1990
Opening TestDataAccess instance 
>> DataAccessTest: addUser
]]></system-out>
  </testcase>
  <testcase name="test2" classname="RegisterDAB" time="0.002">
    <error message="Failed to commit transaction: Attempt to reuse an existing primary key value (domain.Admin:&apos;Admin&apos;)" type="com.objectdb.o._RollbackException">com.objectdb.o._RollbackException: Failed to commit transaction: Attempt to reuse an existing primary key value (domain.Admin:'Admin')
	at RegisterDAB.dbInit(RegisterDAB.java:34)
Caused by: javax.persistence.EntityExistsException: com.objectdb.o.UserException: Attempt to reuse an existing primary key value (domain.Admin:'Admin')
	at RegisterDAB.dbInit(RegisterDAB.java:34)
Caused by: com.objectdb.o.UserException: Attempt to reuse an existing primary key value (domain.Admin:'Admin')
	at RegisterDAB.dbInit(RegisterDAB.java:34)
</error>
    <system-out><![CDATA[newDate: Sat Nov 10 00:00:00 CET 1990
Opening TestDataAccess instance 
>> DataAccessTest: addUser
]]></system-out>
  </testcase>
  <testcase name="test3" classname="RegisterDAB" time="0.003">
    <error message="Failed to commit transaction: Attempt to reuse an existing primary key value (domain.Admin:&apos;Admin&apos;)" type="com.objectdb.o._RollbackException">com.objectdb.o._RollbackException: Failed to commit transaction: Attempt to reuse an existing primary key value (domain.Admin:'Admin')
	at RegisterDAB.dbInit(RegisterDAB.java:34)
Caused by: javax.persistence.EntityExistsException: com.objectdb.o.UserException: Attempt to reuse an existing primary key value (domain.Admin:'Admin')
	at RegisterDAB.dbInit(RegisterDAB.java:34)
Caused by: com.objectdb.o.UserException: Attempt to reuse an existing primary key value (domain.Admin:'Admin')
	at RegisterDAB.dbInit(RegisterDAB.java:34)
</error>
    <system-out><![CDATA[newDate: Sat Nov 10 00:00:00 CET 1990
Opening TestDataAccess instance 
>> DataAccessTest: addUser
]]></system-out>
  </testcase>
  <testcase name="test4" classname="RegisterDAB" time="0.002">
    <error message="Failed to commit transaction: Attempt to reuse an existing primary key value (domain.Admin:&apos;Admin&apos;)" type="com.objectdb.o._RollbackException">com.objectdb.o._RollbackException: Failed to commit transaction: Attempt to reuse an existing primary key value (domain.Admin:'Admin')
	at RegisterDAB.dbInit(RegisterDAB.java:34)
Caused by: javax.persistence.EntityExistsException: com.objectdb.o.UserException: Attempt to reuse an existing primary key value (domain.Admin:'Admin')
	at RegisterDAB.dbInit(RegisterDAB.java:34)
Caused by: com.objectdb.o.UserException: Attempt to reuse an existing primary key value (domain.Admin:'Admin')
	at RegisterDAB.dbInit(RegisterDAB.java:34)
</error>
    <system-out><![CDATA[newDate: Sat Nov 10 00:00:00 CET 1990
Opening TestDataAccess instance 
>> DataAccessTest: addUser
]]></system-out>
  </testcase>
  <testcase name="test5" classname="RegisterDAB" time="0.002">
    <error message="Failed to commit transaction: Attempt to reuse an existing primary key value (domain.Admin:&apos;Admin&apos;)" type="com.objectdb.o._RollbackException">com.objectdb.o._RollbackException: Failed to commit transaction: Attempt to reuse an existing primary key value (domain.Admin:'Admin')
	at RegisterDAB.dbInit(RegisterDAB.java:34)
Caused by: javax.persistence.EntityExistsException: com.objectdb.o.UserException: Attempt to reuse an existing primary key value (domain.Admin:'Admin')
	at RegisterDAB.dbInit(RegisterDAB.java:34)
Caused by: com.objectdb.o.UserException: Attempt to reuse an existing primary key value (domain.Admin:'Admin')
	at RegisterDAB.dbInit(RegisterDAB.java:34)
</error>
    <system-out><![CDATA[newDate: Sat Nov 10 00:00:00 CET 1990
Opening TestDataAccess instance 
>> DataAccessTest: addUser
]]></system-out>
  </testcase>
  <testcase name="test14" classname="RegisterDAB" time="0.003">
    <error message="Failed to commit transaction: Attempt to reuse an existing primary key value (domain.Admin:&apos;Admin&apos;)" type="com.objectdb.o._RollbackException">com.objectdb.o._RollbackException: Failed to commit transaction: Attempt to reuse an existing primary key value (domain.Admin:'Admin')
	at RegisterDAB.dbInit(RegisterDAB.java:34)
Caused by: javax.persistence.EntityExistsException: com.objectdb.o.UserException: Attempt to reuse an existing primary key value (domain.Admin:'Admin')
	at RegisterDAB.dbInit(RegisterDAB.java:34)
Caused by: com.objectdb.o.UserException: Attempt to reuse an existing primary key value (domain.Admin:'Admin')
	at RegisterDAB.dbInit(RegisterDAB.java:34)
</error>
    <system-out><![CDATA[newDate: Sat Nov 10 00:00:00 CET 1990
Opening TestDataAccess instance 
>> DataAccessTest: addUser
]]></system-out>
  </testcase>
  <testcase name="test7" classname="RegisterDAB" time="0.003">
    <error message="Failed to commit transaction: Attempt to reuse an existing primary key value (domain.Admin:&apos;Admin&apos;)" type="com.objectdb.o._RollbackException">com.objectdb.o._RollbackException: Failed to commit transaction: Attempt to reuse an existing primary key value (domain.Admin:'Admin')
	at RegisterDAB.dbInit(RegisterDAB.java:34)
Caused by: javax.persistence.EntityExistsException: com.objectdb.o.UserException: Attempt to reuse an existing primary key value (domain.Admin:'Admin')
	at RegisterDAB.dbInit(RegisterDAB.java:34)
Caused by: com.objectdb.o.UserException: Attempt to reuse an existing primary key value (domain.Admin:'Admin')
	at RegisterDAB.dbInit(RegisterDAB.java:34)
</error>
    <system-out><![CDATA[newDate: Sat Nov 10 00:00:00 CET 1990
Opening TestDataAccess instance 
>> DataAccessTest: addUser
]]></system-out>
  </testcase>
  <testcase name="test8" classname="RegisterDAB" time="0.002">
    <error message="Failed to commit transaction: Attempt to reuse an existing primary key value (domain.Admin:&apos;Admin&apos;)" type="com.objectdb.o._RollbackException">com.objectdb.o._RollbackException: Failed to commit transaction: Attempt to reuse an existing primary key value (domain.Admin:'Admin')
	at RegisterDAB.dbInit(RegisterDAB.java:34)
Caused by: javax.persistence.EntityExistsException: com.objectdb.o.UserException: Attempt to reuse an existing primary key value (domain.Admin:'Admin')
	at RegisterDAB.dbInit(RegisterDAB.java:34)
Caused by: com.objectdb.o.UserException: Attempt to reuse an existing primary key value (domain.Admin:'Admin')
	at RegisterDAB.dbInit(RegisterDAB.java:34)
</error>
    <system-out><![CDATA[newDate: Sat Nov 10 00:00:00 CET 1990
Opening TestDataAccess instance 
>> DataAccessTest: addUser
]]></system-out>
  </testcase>
  <testcase name="test9" classname="RegisterDAB" time="0.004">
    <error message="Failed to commit transaction: Attempt to reuse an existing primary key value (domain.Admin:&apos;Admin&apos;)" type="com.objectdb.o._RollbackException">com.objectdb.o._RollbackException: Failed to commit transaction: Attempt to reuse an existing primary key value (domain.Admin:'Admin')
	at RegisterDAB.dbInit(RegisterDAB.java:34)
Caused by: javax.persistence.EntityExistsException: com.objectdb.o.UserException: Attempt to reuse an existing primary key value (domain.Admin:'Admin')
	at RegisterDAB.dbInit(RegisterDAB.java:34)
Caused by: com.objectdb.o.UserException: Attempt to reuse an existing primary key value (domain.Admin:'Admin')
	at RegisterDAB.dbInit(RegisterDAB.java:34)
</error>
    <system-out><![CDATA[newDate: Sat Nov 10 00:00:00 CET 1990
Opening TestDataAccess instance 
>> DataAccessTest: addUser
]]></system-out>
  </testcase>
  <testcase name="test10" classname="RegisterDAB" time="0.003">
    <error message="Failed to commit transaction: Attempt to reuse an existing primary key value (domain.Admin:&apos;Admin&apos;)" type="com.objectdb.o._RollbackException">com.objectdb.o._RollbackException: Failed to commit transaction: Attempt to reuse an existing primary key value (domain.Admin:'Admin')
	at RegisterDAB.dbInit(RegisterDAB.java:34)
Caused by: javax.persistence.EntityExistsException: com.objectdb.o.UserException: Attempt to reuse an existing primary key value (domain.Admin:'Admin')
	at RegisterDAB.dbInit(RegisterDAB.java:34)
Caused by: com.objectdb.o.UserException: Attempt to reuse an existing primary key value (domain.Admin:'Admin')
	at RegisterDAB.dbInit(RegisterDAB.java:34)
</error>
    <system-out><![CDATA[newDate: Sat Nov 10 00:00:00 CET 1990
Opening TestDataAccess instance 
>> DataAccessTest: addUser
]]></system-out>
  </testcase>
  <testcase name="test11" classname="RegisterDAB" time="0.003">
    <error message="Failed to commit transaction: Attempt to reuse an existing primary key value (domain.Admin:&apos;Admin&apos;)" type="com.objectdb.o._RollbackException">com.objectdb.o._RollbackException: Failed to commit transaction: Attempt to reuse an existing primary key value (domain.Admin:'Admin')
	at RegisterDAB.dbInit(RegisterDAB.java:34)
Caused by: javax.persistence.EntityExistsException: com.objectdb.o.UserException: Attempt to reuse an existing primary key value (domain.Admin:'Admin')
	at RegisterDAB.dbInit(RegisterDAB.java:34)
Caused by: com.objectdb.o.UserException: Attempt to reuse an existing primary key value (domain.Admin:'Admin')
	at RegisterDAB.dbInit(RegisterDAB.java:34)
</error>
    <system-out><![CDATA[newDate: Sat Nov 10 00:00:00 CET 1990
Opening TestDataAccess instance 
>> DataAccessTest: addUser
]]></system-out>
  </testcase>
  <testcase name="test12" classname="RegisterDAB" time="0.003">
    <error message="Failed to commit transaction: Attempt to reuse an existing primary key value (domain.Admin:&apos;Admin&apos;)" type="com.objectdb.o._RollbackException">com.objectdb.o._RollbackException: Failed to commit transaction: Attempt to reuse an existing primary key value (domain.Admin:'Admin')
	at RegisterDAB.dbInit(RegisterDAB.java:34)
Caused by: javax.persistence.EntityExistsException: com.objectdb.o.UserException: Attempt to reuse an existing primary key value (domain.Admin:'Admin')
	at RegisterDAB.dbInit(RegisterDAB.java:34)
Caused by: com.objectdb.o.UserException: Attempt to reuse an existing primary key value (domain.Admin:'Admin')
	at RegisterDAB.dbInit(RegisterDAB.java:34)
</error>
    <system-out><![CDATA[newDate: Sat Nov 10 00:00:00 CET 1990
Opening TestDataAccess instance 
>> DataAccessTest: addUser
]]></system-out>
  </testcase>
  <testcase name="test13" classname="RegisterDAB" time="0.004">
    <error message="Failed to commit transaction: Attempt to reuse an existing primary key value (domain.Admin:&apos;Admin&apos;)" type="com.objectdb.o._RollbackException">com.objectdb.o._RollbackException: Failed to commit transaction: Attempt to reuse an existing primary key value (domain.Admin:'Admin')
	at RegisterDAB.dbInit(RegisterDAB.java:34)
Caused by: javax.persistence.EntityExistsException: com.objectdb.o.UserException: Attempt to reuse an existing primary key value (domain.Admin:'Admin')
	at RegisterDAB.dbInit(RegisterDAB.java:34)
Caused by: com.objectdb.o.UserException: Attempt to reuse an existing primary key value (domain.Admin:'Admin')
	at RegisterDAB.dbInit(RegisterDAB.java:34)
</error>
    <system-out><![CDATA[newDate: Sat Nov 10 00:00:00 CET 1990
Opening TestDataAccess instance 
>> DataAccessTest: addUser
]]></system-out>
  </testcase>
  <testcase name="test6" classname="RegisterDAB" time="0.003">
    <error message="Failed to commit transaction: Attempt to reuse an existing primary key value (domain.Admin:&apos;Admin&apos;)" type="com.objectdb.o._RollbackException">com.objectdb.o._RollbackException: Failed to commit transaction: Attempt to reuse an existing primary key value (domain.Admin:'Admin')
	at RegisterDAB.dbInit(RegisterDAB.java:34)
Caused by: javax.persistence.EntityExistsException: com.objectdb.o.UserException: Attempt to reuse an existing primary key value (domain.Admin:'Admin')
	at RegisterDAB.dbInit(RegisterDAB.java:34)
Caused by: com.objectdb.o.UserException: Attempt to reuse an existing primary key value (domain.Admin:'Admin')
	at RegisterDAB.dbInit(RegisterDAB.java:34)
</error>
    <system-out><![CDATA[newDate: Sat Nov 10 00:00:00 CET 1990
Opening TestDataAccess instance 
>> DataAccessTest: addUser
]]></system-out>
  </testcase>
</testsuite>