<?xml version="1.0" encoding="UTF-8"?>
<testsuite xmlns:xsi="http://www.w3.org/2001/XMLSchema-instance" xsi:schemaLocation="https://maven.apache.org/surefire/maven-surefire-plugin/xsd/surefire-test-report.xsd" name="RemoveMezua2DAB" time="0.001" tests="1" errors="1" skipped="0" failures="0">
  <properties>
[...]
</properties>
  <testcase name="test3" classname="RemoveMezua2DAB" time="0.001">
    <error message="No Persistence provider for EntityManager named objectdb:src/main/resources/bets.temp;drop" type="javax.persistence.PersistenceException"><![CDATA[javax.persistence.PersistenceException: No Persistence provider for EntityManager named objectdb:src/main/resources/bets.temp;drop
	at RemoveMezua2DAB.<init>(RemoveMezua2DAB.java:17)
]]></error>
    <system-out><![CDATA[Creating DataAccess instance => isDatabaseLocal: true getDatabBaseOpenMode: open
Opening DataAccess instance => isDatabaseLocal: true getDatabBaseOpenMode: open
Deleting the DataBase
]]></system-out>
  </testcase>
</testsuite>