<?xml version="1.0" encoding="UTF-8"?>
<testsuite xmlns:xsi="http://www.w3.org/2001/XMLSchema-instance" xsi:schemaLocation="https://maven.apache.org/surefire/maven-surefire-plugin/xsd/surefire-test-report.xsd" name="Register2DAB" time="0.369" tests="4" errors="0" skipped="0" failures="1">
  <properties>
[...]
</properties>
  <testcase name="test1" classname="Register2DAB" time="0.25"/>
  <testcase name="test2" classname="Register2DAB" time="0.042"/>
  <testcase name="test3" classname="Register2DAB" time="0.041"/>
  <testcase name="test4" classname="Register2DAB" time="0.035">
    <failure type="java.lang.AssertionError:">java.lang.AssertionError: 
	at Register2DAB.test4(Register2DAB.java:129)
</failure>
    <system-out><![CDATA[Creating DataAccess instance => isDatabaseLocal: true getDatabBaseOpenMode: initialize
Opening DataAccess instance => isDatabaseLocal: true getDatabBaseOpenMode: initialize
Deleting the DataBase
Creating TestDataAccess instance
Opening TestDataAccess instance 
newDate: Sat Nov 10 00:00:00 CET 1990
Opening TestDataAccess instance 
>> DataAccessTest: addUser
DataBase closed
Opening TestDataAccess instance 
>> DataAccessTest: removeEvent
>> DataAccessTest: removeEvent
DataBase closed
]]></system-out>
  </testcase>
</testsuite>