<?xml version="1.0" encoding="UTF-8"?>
<testsuite xmlns:xsi="http://www.w3.org/2001/XMLSchema-instance" xsi:schemaLocation="https://maven.apache.org/surefire/maven-surefire-plugin/xsd/surefire-test-report.xsd" name="RemoveMezuaDAW" time="0.106" tests="4" errors="0" skipped="0" failures="2">
  <properties>
[...]
</properties>
  <testcase name="test1" classname="RemoveMezuaDAW" time="0.035">
    <failure message="expected:&lt;false&gt; but was:&lt;true&gt;" type="java.lang.AssertionError"><![CDATA[java.lang.AssertionError: expected:<false> but was:<true>
	at RemoveMezuaDAW.test1(RemoveMezuaDAW.java:45)
]]></failure>
    <system-out><![CDATA[Creating DataAccess instance => isDatabaseLocal: true getDatabBaseOpenMode: initialize
Opening DataAccess instance => isDatabaseLocal: true getDatabBaseOpenMode: initialize
Deleting the DataBase
Creating TestDataAccess instance
Opening TestDataAccess instance 
Opening TestDataAccess instance 
>> DataAccessTest: addArretaMezua
>> DataAccessTest: isBezeroartekoMezuaInDb
true
>> DataAccessTest: isBezeroartekoMezuaInDb
true
>> DataAccessTest: isBezeroartekoMezuaInDb
]]></system-out>
  </testcase>
  <testcase name="test2" classname="RemoveMezuaDAW" time="0.031"/>
  <testcase name="test4" classname="RemoveMezuaDAW" time="0.019"/>
  <testcase name="test3" classname="RemoveMezuaDAW" time="0.021">
    <failure message="expected:&lt;false&gt; but was:&lt;true&gt;" type="java.lang.AssertionError"><![CDATA[java.lang.AssertionError: expected:<false> but was:<true>
	at RemoveMezuaDAW.test3(RemoveMezuaDAW.java:105)
]]></failure>
    <system-out><![CDATA[Creating DataAccess instance => isDatabaseLocal: true getDatabBaseOpenMode: initialize
Opening DataAccess instance => isDatabaseLocal: true getDatabBaseOpenMode: initialize
Deleting the DataBase
Creating TestDataAccess instance
Opening TestDataAccess instance 
Opening TestDataAccess instance 
>> DataAccessTest: addArretaMezua
>> DataAccessTest: getArretaMezua
>> DataAccessTest: isArretaMezuaInDb
true
>> DataAccessTest: isElkarrizketaInDb
true
>> DataAccessTest: getArretaMezua
>> DataAccessTest: isArretaMezuaInDb
true
>> DataAccessTest: isElkarrizketaInDb
true
>> DataAccessTest: isElkarrizketaInDb
]]></system-out>
  </testcase>
</testsuite>