<?xml version="1.0" encoding="UTF-8"?>
<testsuite xmlns:xsi="http://www.w3.org/2001/XMLSchema-instance" xsi:schemaLocation="https://maven.apache.org/surefire/maven-surefire-plugin/xsd/surefire-test-report.xsd" name="EmaitzaIpiniDAB" time="0.118" tests="3" errors="0" skipped="0" failures="0">
  <properties>
[...]
</properties>
  <testcase name="test2" classname="EmaitzaIpiniDAB" time="0.035"/>
  <testcase name="test3" classname="EmaitzaIpiniDAB" time="0.02"/>
  <testcase name="test1" classname="EmaitzaIpiniDAB" time="0.063"/>
</testsuite>