<?xml version="1.0" encoding="UTF-8"?>
<testsuite xmlns:xsi="http://www.w3.org/2001/XMLSchema-instance" xsi:schemaLocation="https://maven.apache.org/surefire/maven-surefire-plugin/xsd/surefire-test-report.xsd" name="RegisterDAB" time="0.651" tests="14" errors="0" skipped="0" failures="10">
  <properties>
[...]
</properties>
  <testcase name="test5" classname="RegisterDAB" time="0.17">
    <failure type="java.lang.AssertionError:">java.lang.AssertionError: 
	at RegisterDAB.test5(RegisterDAB.java:151)
</failure>
    <system-out><![CDATA[Creating DataAccess instance => isDatabaseLocal: true getDatabBaseOpenMode: initialize
Opening DataAccess instance => isDatabaseLocal: true getDatabBaseOpenMode: initialize
Deleting the DataBase
Creating TestDataAccess instance
Opening TestDataAccess instance 
newDate: Sat Nov 10 00:00:00 CET 1990
Opening TestDataAccess instance 
>> DataAccessTest: removeEvent
>> DataAccessTest: addUser
DataBase closed
Opening TestDataAccess instance 
>> DataAccessTest: removeEvent
>> DataAccessTest: removeEvent
DataBase closed
]]></system-out>
  </testcase>
  <testcase name="test14" classname="RegisterDAB" time="0.04"/>
  <testcase name="test1" classname="RegisterDAB" time="0.054"/>
  <testcase name="test7" classname="RegisterDAB" time="0.042">
    <failure type="java.lang.AssertionError:">java.lang.AssertionError: 
	at RegisterDAB.test7(RegisterDAB.java:201)
</failure>
    <system-out><![CDATA[Creating DataAccess instance => isDatabaseLocal: true getDatabBaseOpenMode: initialize
Opening DataAccess instance => isDatabaseLocal: true getDatabBaseOpenMode: initialize
Deleting the DataBase
Creating TestDataAccess instance
Opening TestDataAccess instance 
newDate: Sat Nov 10 00:00:00 CET 1990
Opening TestDataAccess instance 
>> DataAccessTest: removeEvent
>> DataAccessTest: addUser
DataBase closed
Opening TestDataAccess instance 
>> DataAccessTest: removeEvent
DataBase closed
]]></system-out>
  </testcase>
  <testcase name="test8" classname="RegisterDAB" time="0.035">
    <failure type="java.lang.AssertionError:">java.lang.AssertionError: 
	at RegisterDAB.test8(RegisterDAB.java:220)
</failure>
    <system-out><![CDATA[Creating DataAccess instance => isDatabaseLocal: true getDatabBaseOpenMode: initialize
Opening DataAccess instance => isDatabaseLocal: true getDatabBaseOpenMode: initialize
Deleting the DataBase
Creating TestDataAccess instance
Opening TestDataAccess instance 
newDate: Sat Nov 10 00:00:00 CET 1990
Opening TestDataAccess instance 
>> DataAccessTest: removeEvent
>> DataAccessTest: addUser
DataBase closed
Opening TestDataAccess instance 
>> DataAccessTest: removeEvent
>> DataAccessTest: removeEvent
DataBase closed
]]></system-out>
  </testcase>
  <testcase name="test9" classname="RegisterDAB" time="0.045">
    <failure type="java.lang.AssertionError:">java.lang.AssertionError: 
	at RegisterDAB.test9(RegisterDAB.java:243)
</failure>
    <system-out><![CDATA[Creating DataAccess instance => isDatabaseLocal: true getDatabBaseOpenMode: initialize
Opening DataAccess instance => isDatabaseLocal: true getDatabBaseOpenMode: initialize
Deleting the DataBase
Creating TestDataAccess instance
Opening TestDataAccess instance 
newDate: Sat Nov 10 00:00:00 CET 1990
Opening TestDataAccess instance 
>> DataAccessTest: removeEvent
>> DataAccessTest: addUser
DataBase closed
Opening TestDataAccess instance 
>> DataAccessTest: removeEvent
>> DataAccessTest: removeEvent
DataBase closed
]]></system-out>
  </testcase>
  <testcase name="test10" classname="RegisterDAB" time="0.03">
    <failure type="java.lang.AssertionError:">java.lang.AssertionError: 
	at RegisterDAB.test10(RegisterDAB.java:265)
</failure>
    <system-out><![CDATA[Creating DataAccess instance => isDatabaseLocal: true getDatabBaseOpenMode: initialize
Opening DataAccess instance => isDatabaseLocal: true getDatabBaseOpenMode: initialize
Deleting the DataBase
Creating TestDataAccess instance
Opening TestDataAccess instance 
newDate: Sat Nov 10 00:00:00 CET 1990
Opening TestDataAccess instance 
>> DataAccessTest: removeEvent
>> DataAccessTest: addUser
DataBase closed
Opening TestDataAccess instance 
>> DataAccessTest: removeEvent
>> DataAccessTest: removeEvent
DataBase closed
]]></system-out>
  </testcase>
  <testcase name="test11" classname="RegisterDAB" time="0.028">
    <failure type="java.lang.AssertionError:">java.lang.AssertionError: 
	at RegisterDAB.test11(RegisterDAB.java:288)
</failure>
    <system-out><![CDATA[Creating DataAccess instance => isDatabaseLocal: true getDatabBaseOpenMode: initialize
Opening DataAccess instance => isDatabaseLocal: true getDatabBaseOpenMode: initialize
Deleting the DataBase
Creating TestDataAccess instance
Opening TestDataAccess instance 
newDate: Sat Nov 10 00:00:00 CET 1990
Opening TestDataAccess instance 
>> DataAccessTest: removeEvent
>> DataAccessTest: addUser
DataBase closed
Opening TestDataAccess instance 
>> DataAccessTest: removeEvent
>> DataAccessTest: removeEvent
DataBase closed
]]></system-out>
  </testcase>
  <testcase name="test12" classname="RegisterDAB" time="0.034">
    <failure type="java.lang.AssertionError:">java.lang.AssertionError: 
	at RegisterDAB.test12(RegisterDAB.java:311)
</failure>
    <system-out><![CDATA[Creating DataAccess instance => isDatabaseLocal: true getDatabBaseOpenMode: initialize
Opening DataAccess instance => isDatabaseLocal: true getDatabBaseOpenMode: initialize
Deleting the DataBase
Creating TestDataAccess instance
Opening TestDataAccess instance 
newDate: Sat Nov 10 00:00:00 CET 1990
Opening TestDataAccess instance 
>> DataAccessTest: removeEvent
>> DataAccessTest: addUser
DataBase closed
Opening TestDataAccess instance 
>> DataAccessTest: removeEvent
>> DataAccessTest: removeEvent
DataBase closed
]]></system-out>
  </testcase>
  <testcase name="test13" classname="RegisterDAB" time="0.031">
    <failure type="java.lang.AssertionError:">java.lang.AssertionError: 
	at RegisterDAB.test13(RegisterDAB.java:335)
</failure>
    <system-out><![CDATA[Creating DataAccess instance => isDatabaseLocal: true getDatabBaseOpenMode: initialize
Opening DataAccess instance => isDatabaseLocal: true getDatabBaseOpenMode: initialize
Deleting the DataBase
Creating TestDataAccess instance
Opening TestDataAccess instance 
newDate: Sat Nov 10 00:00:00 CET 1990
Opening TestDataAccess instance 
>> DataAccessTest: removeEvent
>> DataAccessTest: addUser
DataBase closed
newDate: Tue Nov 10 00:00:00 CET 2015
Opening TestDataAccess instance 
Opening TestDataAccess instance 
>> DataAccessTest: removeEvent
>> DataAccessTest: removeEvent
DataBase closed
]]></system-out>
  </testcase>
  <testcase name="test6" classname="RegisterDAB" time="0.029">
    <failure type="java.lang.AssertionError:">java.lang.AssertionError: 
	at RegisterDAB.test6(RegisterDAB.java:174)
</failure>
    <system-out><![CDATA[Creating DataAccess instance => isDatabaseLocal: true getDatabBaseOpenMode: initialize
Opening DataAccess instance => isDatabaseLocal: true getDatabBaseOpenMode: initialize
Deleting the DataBase
Creating TestDataAccess instance
Opening TestDataAccess instance 
newDate: Sat Nov 10 00:00:00 CET 1990
Opening TestDataAccess instance 
>> DataAccessTest: removeEvent
>> DataAccessTest: addUser
DataBase closed
Opening TestDataAccess instance 
>> DataAccessTest: removeEvent
>> DataAccessTest: removeEvent
DataBase closed
]]></system-out>
  </testcase>
  <testcase name="test2" classname="RegisterDAB" time="0.039"/>
  <testcase name="test4" classname="RegisterDAB" time="0.026">
    <failure type="java.lang.AssertionError:">java.lang.AssertionError: 
	at RegisterDAB.test4(RegisterDAB.java:128)
</failure>
    <system-out><![CDATA[Creating DataAccess instance => isDatabaseLocal: true getDatabBaseOpenMode: initialize
Opening DataAccess instance => isDatabaseLocal: true getDatabBaseOpenMode: initialize
Deleting the DataBase
Creating TestDataAccess instance
Opening TestDataAccess instance 
newDate: Sat Nov 10 00:00:00 CET 1990
Opening TestDataAccess instance 
>> DataAccessTest: removeEvent
>> DataAccessTest: addUser
DataBase closed
Opening TestDataAccess instance 
>> DataAccessTest: removeEvent
>> DataAccessTest: removeEvent
DataBase closed
]]></system-out>
  </testcase>
  <testcase name="test3" classname="RegisterDAB" time="0.045"/>
</testsuite>