<?xml version="1.0" encoding="UTF-8"?>
<testsuite xmlns:xsi="http://www.w3.org/2001/XMLSchema-instance" xsi:schemaLocation="https://maven.apache.org/surefire/maven-surefire-plugin/xsd/surefire-test-report.xsd" name="RemoveMezuaDAW" time="0.62" tests="4" errors="1" skipped="0" failures="0">
  <properties>
[...]
</properties>
  <testcase name="test1" classname="RemoveMezuaDAW" time="0.53"/>
  <testcase name="test2" classname="RemoveMezuaDAW" time="0.024"/>
  <testcase name="test3" classname="RemoveMezuaDAW" time="0.031"/>
  <testcase name="test4" classname="RemoveMezuaDAW" time="0.015">
    <error message="Attempt to begin a new transaction when a transaction is active [PMImpl]" type="com.objectdb.o._PersistenceException">com.objectdb.o._PersistenceException: Attempt to begin a new transaction when a transaction is active [PMImpl]
	at RemoveMezuaDAW.test4(RemoveMezuaDAW.java:132)
Caused by: com.objectdb.o.UserException: Attempt to begin a new transaction when a transaction is active [PMImpl]
	at RemoveMezuaDAW.test4(RemoveMezuaDAW.java:132)
</error>
    <system-out><![CDATA[Opening TestDataAccess instance 
>> DataAccessTest: addArretaMezua
>> DataAccessTest: addArretaMezua
]]></system-out>
    <system-err><![CDATA[com.objectdb.o.UserException: Too many persistable types (>10) - exceeds evaluation limit
	at com.objectdb.o.MSG.a(MSG.java:64)
	at com.objectdb.o.MST.Zc(MST.java:1161)
	at com.objectdb.o.WRA.Zc(WRA.java:215)
	at com.objectdb.o.TYS.e(TYS.java:769)
	at com.objectdb.o.TYS.Zf(TYS.java:593)
	at com.objectdb.o.TYM.Y(TYM.java:554)
	at com.objectdb.o.TYM.j(TYM.java:489)
	at com.objectdb.o.TYM.R(TYM.java:824)
	at com.objectdb.o.TYM.Q(TYM.java:909)
	at com.objectdb.o.TYM.K(TYM.java:981)
	at com.objectdb.o.OBM.aO(OBM.java:384)
	at com.objectdb.o.OBM.aO(OBM.java:270)
	at com.objectdb.jpa.EMImpl.persist(EMImpl.java:415)
	at test.dataAccess.TestDataAccess.addArretaMezua(TestDataAccess.java:246)
	at RemoveMezuaDAW.test4(RemoveMezuaDAW.java:131)
	at java.base/jdk.internal.reflect.NativeMethodAccessorImpl.invoke0(Native Method)
	at java.base/jdk.internal.reflect.NativeMethodAccessorImpl.invoke(NativeMethodAccessorImpl.java:62)
	at java.base/jdk.internal.reflect.DelegatingMethodAccessorImpl.invoke(DelegatingMethodAccessorImpl.java:43)
	at java.base/java.lang.reflect.Method.invoke(Method.java:564)
	at org.junit.runners.model.FrameworkMethod$1.runReflectiveCall(FrameworkMethod.java:44)
	at org.junit.internal.runners.model.ReflectiveCallable.run(ReflectiveCallable.java:15)
	at org.junit.runners.model.FrameworkMethod.invokeExplosively(FrameworkMethod.java:41)
	at org.junit.internal.runners.statements.InvokeMethod.evaluate(InvokeMethod.java:20)
	at org.junit.internal.runners.statements.RunBefores.evaluate(RunBefores.java:28)
	at org.junit.internal.runners.statements.RunAfters.evaluate(RunAfters.java:31)
	at org.junit.runners.BlockJUnit4ClassRunner.runChild(BlockJUnit4ClassRunner.java:73)
	at org.junit.runners.BlockJUnit4ClassRunner.runChild(BlockJUnit4ClassRunner.java:46)
	at org.junit.runners.ParentRunner.runChildren(ParentRunner.java:180)
	at org.junit.runners.ParentRunner.access$000(ParentRunner.java:41)
	at org.junit.runners.ParentRunner$1.evaluate(ParentRunner.java:173)
	at org.junit.internal.runners.statements.RunBefores.evaluate(RunBefores.java:28)
	at org.junit.internal.runners.statements.RunAfters.evaluate(RunAfters.java:31)
	at org.junit.runners.ParentRunner.run(ParentRunner.java:220)
	at org.apache.maven.surefire.junit4.JUnit4Provider.execute(JUnit4Provider.java:367)
	at org.apache.maven.surefire.junit4.JUnit4Provider.executeWithRerun(JUnit4Provider.java:274)
	at org.apache.maven.surefire.junit4.JUnit4Provider.executeTestSet(JUnit4Provider.java:238)
	at org.apache.maven.surefire.junit4.JUnit4Provider.invoke(JUnit4Provider.java:161)
	at org.apache.maven.surefire.booter.ForkedBooter.invokeProviderInSameClassLoader(ForkedBooter.java:290)
	at org.apache.maven.surefire.booter.ForkedBooter.runSuitesInProcess(ForkedBooter.java:242)
	at org.apache.maven.surefire.booter.ForkedBooter.main(ForkedBooter.java:121)
]]></system-err>
  </testcase>
</testsuite>